<?xml version="1.0" encoding="UTF-8"?>
<testng-results skipped="0" failed="0" ignored="1" total="4" passed="3">
  <reporter-output>
  </reporter-output>
  <suite name="FREE CRM Application Test Automation Test Suite" duration-ms="108273" started-at="2020-03-31T11:01:24 IST" finished-at="2020-03-31T11:03:12 IST">
    <groups>
    </groups>
    <test name="Free CRM App Test Cases" duration-ms="108273" started-at="2020-03-31T11:01:24 IST" finished-at="2020-03-31T11:03:12 IST">
      <class name="com.crm.qa.testcases.ContactPageTest">
        <test-method status="PASS" signature="setUp(java.lang.String)[pri:0, instance:com.crm.qa.testcases.ContactPageTest@71bbf57e]" name="setUp" is-config="true" duration-ms="47467" started-at="2020-03-31T11:01:24 IST" finished-at="2020-03-31T11:02:11 IST">
          <params>
            <param index="0">
              <value>
                <![CDATA[Chrome]]>
              </value>
            </param>
          </params>
          <reporter-output>
          </reporter-output>
        </test-method> <!-- setUp -->
        <test-method status="PASS" signature="ClickNewContact()[pri:2, instance:com.crm.qa.testcases.ContactPageTest@71bbf57e]" name="ClickNewContact" duration-ms="856" started-at="2020-03-31T11:02:11 IST" finished-at="2020-03-31T11:02:12 IST">
          <reporter-output>
          </reporter-output>
        </test-method> <!-- ClickNewContact -->
        <test-method status="PASS" signature="verifyFirstName()[pri:3, instance:com.crm.qa.testcases.ContactPageTest@71bbf57e]" name="verifyFirstName" duration-ms="2" started-at="2020-03-31T11:02:12 IST" finished-at="2020-03-31T11:02:12 IST">
          <reporter-output>
          </reporter-output>
        </test-method> <!-- verifyFirstName -->
        <test-method status="PASS" signature="createNewContract(java.lang.String, java.lang.String, java.lang.String, java.lang.String)[pri:4, instance:com.crm.qa.testcases.ContactPageTest@71bbf57e]" name="createNewContract" duration-ms="28883" started-at="2020-03-31T11:02:13 IST" data-provider="contactDetails" finished-at="2020-03-31T11:02:42 IST">
          <params>
            <param index="0">
              <value>
                <![CDATA[Latha ]]>
              </value>
            </param>
            <param index="1">
              <value>
                <![CDATA[Singh]]>
              </value>
            </param>
            <param index="2">
              <value>
                <![CDATA[Sri]]>
              </value>
            </param>
            <param index="3">
              <value>
                <![CDATA[Akvila]]>
              </value>
            </param>
          </params>
          <reporter-output>
          </reporter-output>
        </test-method> <!-- createNewContract -->
        <test-method status="PASS" signature="tearDown()[pri:0, instance:com.crm.qa.testcases.ContactPageTest@71bbf57e]" name="tearDown" is-config="true" duration-ms="30134" started-at="2020-03-31T11:02:42 IST" finished-at="2020-03-31T11:03:12 IST">
          <reporter-output>
          </reporter-output>
        </test-method> <!-- tearDown -->
      </class> <!-- com.crm.qa.testcases.ContactPageTest -->
    </test> <!-- Free CRM App Test Cases -->
  </suite> <!-- FREE CRM Application Test Automation Test Suite -->
</testng-results>
