<?xml version="1.0" encoding="UTF-8"?>
<!-- Generated by org.testng.reporters.JUnitXMLReporter -->
<testsuite hostname="MOMIN" ignored="1" name="Free CRM App Test Cases" tests="3" failures="0" timestamp="2020-03-31T11:03:12 IST" time="108.273" errors="0">
  <testcase name="ClickNewContact" time="0.856" classname="com.crm.qa.testcases.ContactPageTest"/>
  <testcase name="verifyFirstName" time="0.002" classname="com.crm.qa.testcases.ContactPageTest"/>
  <testcase name="createNewContract" time="28.883" classname="com.crm.qa.testcases.ContactPageTest"/>
  <testcase name="verifyContactSearch" time="0.0" classname="com.crm.qa.testcases.ContactPageTest">
    <ignored/>
  </testcase> <!-- verifyContactSearch -->
</testsuite> <!-- Free CRM App Test Cases -->
